nativecore/src/main/cpp/opencv/build_android/opencv_android/video-recorder/build/intermediates/manifest_merge_blame_file/release/processReleaseMainManifest/manifest-merger-blame-release-report.txt
1<?xml version="1.0" encoding="utf-8"?>
2<manifest xmlns:android="http://schemas.android.com/apk/res/android"
3    package="org.opencv.samples.recorder"
4    android:versionCode="301"
5    android:versionName="3.01" >
6
7    <uses-sdk
8        android:minSdkVersion="26"
9        android:targetSdkVersion="34" />
10
11    <supports-screens
11-->video-recorder/gradle/AndroidManifest.xml:24:5-28:51
12        android:anyDensity="true"
12-->video-recorder/gradle/AndroidManifest.xml:28:23-48
13        android:largeScreens="true"
13-->video-recorder/gradle/AndroidManifest.xml:27:23-50
14        android:normalScreens="true"
14-->video-recorder/gradle/AndroidManifest.xml:26:23-51
15        android:resizeable="true"
15-->video-recorder/gradle/AndroidManifest.xml:24:23-48
16        android:smallScreens="true" />
16-->video-recorder/gradle/AndroidManifest.xml:25:23-50
17
18    <uses-permission android:name="android.permission.CAMERA" />
18-->video-recorder/gradle/AndroidManifest.xml:30:5-64
18-->video-recorder/gradle/AndroidManifest.xml:30:22-62
19    <uses-permission android:name="android.permission.WRITE_EXTERNAL_STORAGE" />
19-->video-recorder/gradle/AndroidManifest.xml:31:5-81
19-->video-recorder/gradle/AndroidManifest.xml:31:22-78
20
21    <uses-feature
21-->video-recorder/gradle/AndroidManifest.xml:33:5-84
22        android:name="android.hardware.camera"
22-->video-recorder/gradle/AndroidManifest.xml:33:19-57
23        android:required="false" />
23-->video-recorder/gradle/AndroidManifest.xml:33:58-82
24    <uses-feature
24-->video-recorder/gradle/AndroidManifest.xml:34:5-94
25        android:name="android.hardware.camera.autofocus"
25-->video-recorder/gradle/AndroidManifest.xml:34:19-67
26        android:required="false" />
26-->video-recorder/gradle/AndroidManifest.xml:34:68-92
27    <uses-feature
27-->video-recorder/gradle/AndroidManifest.xml:35:5-90
28        android:name="android.hardware.camera.front"
28-->video-recorder/gradle/AndroidManifest.xml:35:19-63
29        android:required="false" />
29-->video-recorder/gradle/AndroidManifest.xml:35:64-88
30    <uses-feature
30-->video-recorder/gradle/AndroidManifest.xml:36:5-100
31        android:name="android.hardware.camera.front.autofocus"
31-->video-recorder/gradle/AndroidManifest.xml:36:19-73
32        android:required="false" />
32-->video-recorder/gradle/AndroidManifest.xml:36:74-98
33
34    <application
34-->video-recorder/gradle/AndroidManifest.xml:6:5-22:19
35        android:extractNativeLibs="false"
36        android:icon="@drawable/icon"
36-->video-recorder/gradle/AndroidManifest.xml:8:9-38
37        android:label="@string/app_name"
37-->video-recorder/gradle/AndroidManifest.xml:7:9-41
38        android:theme="@android:style/Theme.NoTitleBar.Fullscreen" >
38-->video-recorder/gradle/AndroidManifest.xml:9:9-67
39        <activity
39-->video-recorder/gradle/AndroidManifest.xml:11:9-21:20
40            android:name="org.opencv.samples.recorder.RecorderActivity"
40-->video-recorder/gradle/AndroidManifest.xml:13:19-50
41            android:configChanges="keyboardHidden|orientation"
41-->video-recorder/gradle/AndroidManifest.xml:16:19-69
42            android:exported="true"
42-->video-recorder/gradle/AndroidManifest.xml:12:19-42
43            android:label="@string/app_name"
43-->video-recorder/gradle/AndroidManifest.xml:14:19-51
44            android:screenOrientation="landscape" >
44-->video-recorder/gradle/AndroidManifest.xml:15:19-56
45            <intent-filter>
45-->video-recorder/gradle/AndroidManifest.xml:17:13-20:29
46                <action android:name="android.intent.action.MAIN" />
46-->video-recorder/gradle/AndroidManifest.xml:18:17-69
46-->video-recorder/gradle/AndroidManifest.xml:18:25-66
47
48                <category android:name="android.intent.category.LAUNCHER" />
48-->video-recorder/gradle/AndroidManifest.xml:19:17-77
48-->video-recorder/gradle/AndroidManifest.xml:19:27-74
49            </intent-filter>
50        </activity>
51    </application>
52
53</manifest>